0 info it worked if it ends with ok
1 verbose cli [ '/home/dan/meanstack-3.0.7-3/nodejs/bin/.node.bin',
1 verbose cli   '/home/dan/meanstack-3.0.7-3/nodejs/bin/npm',
1 verbose cli   'start' ]
2 info using npm@3.3.12
3 info using node@v5.1.1
4 verbose run-script [ 'prestart', 'start', 'poststart' ]
5 info lifecycle meanblog@0.0.0~prestart: meanblog@0.0.0
6 silly lifecycle meanblog@0.0.0~prestart: no script for prestart, continuing
7 info lifecycle meanblog@0.0.0~start: meanblog@0.0.0
8 verbose lifecycle meanblog@0.0.0~start: unsafe-perm in lifecycle true
9 verbose lifecycle meanblog@0.0.0~start: PATH: /home/dan/meanstack-3.0.7-3/nodejs/lib/node_modules/npm/bin/node-gyp-bin:/home/dan/meanstack-3.0.7-3/projects/meanblog/node_modules/.bin:/home/dan/meanstack-3.0.7-3/nodejs/bin:/home/dan/meanstack-3.0.7-3/git/bin:/home/dan/meanstack-3.0.7-3/mongodb/bin:/home/dan/meanstack-3.0.7-3/sqlite/bin:/home/dan/meanstack-3.0.7-3/php/bin:/home/dan/meanstack-3.0.7-3/python/bin:/home/dan/meanstack-3.0.7-3/apache2/bin:/home/dan/meanstack-3.0.7-3/common/bin:/home/dan/meanstack-3.0.7-3/nodejs/bin:/home/dan/meanstack-3.0.7-3/git/bin:/home/dan/meanstack-3.0.7-3/mongodb/bin:/home/dan/meanstack-3.0.7-3/sqlite/bin:/home/dan/meanstack-3.0.7-3/php/bin:/home/dan/meanstack-3.0.7-3/python/bin:/home/dan/meanstack-3.0.7-3/apache2/bin:/home/dan/meanstack-3.0.7-3/common/bin:/usr/local/sbin:/usr/local/bin:/usr/sbin:/usr/bin:/sbin:/bin:/usr/games:/usr/local/games
10 verbose lifecycle meanblog@0.0.0~start: CWD: /home/dan/meanstack-3.0.7-3/projects/meanblog
11 silly lifecycle meanblog@0.0.0~start: Args: [ '-c', 'supervisor ./bin/www' ]
12 silly lifecycle meanblog@0.0.0~start: Returned: code: 1  signal: null
13 info lifecycle meanblog@0.0.0~start: Failed to exec start script
14 verbose stack Error: meanblog@0.0.0 start: `supervisor ./bin/www`
14 verbose stack Exit status 1
14 verbose stack     at EventEmitter.<anonymous> (/home/dan/meanstack-3.0.7-3/nodejs/lib/node_modules/npm/lib/utils/lifecycle.js:232:16)
14 verbose stack     at emitTwo (events.js:87:13)
14 verbose stack     at EventEmitter.emit (events.js:172:7)
14 verbose stack     at ChildProcess.<anonymous> (/home/dan/meanstack-3.0.7-3/nodejs/lib/node_modules/npm/lib/utils/spawn.js:24:14)
14 verbose stack     at emitTwo (events.js:87:13)
14 verbose stack     at ChildProcess.emit (events.js:172:7)
14 verbose stack     at maybeClose (internal/child_process.js:818:16)
14 verbose stack     at Process.ChildProcess._handle.onexit (internal/child_process.js:211:5)
15 verbose pkgid meanblog@0.0.0
16 verbose cwd /home/dan/meanstack-3.0.7-3/projects/meanblog
17 error Linux 4.2.0-19-generic
18 error argv "/home/dan/meanstack-3.0.7-3/nodejs/bin/.node.bin" "/home/dan/meanstack-3.0.7-3/nodejs/bin/npm" "start"
19 error node v5.1.1
20 error npm  v3.3.12
21 error code ELIFECYCLE
22 error meanblog@0.0.0 start: `supervisor ./bin/www`
22 error Exit status 1
23 error Failed at the meanblog@0.0.0 start script 'supervisor ./bin/www'.
23 error Make sure you have the latest version of node.js and npm installed.
23 error If you do, this is most likely a problem with the meanblog package,
23 error not with npm itself.
23 error Tell the author that this fails on your system:
23 error     supervisor ./bin/www
23 error You can get their info via:
23 error     npm owner ls meanblog
23 error There is likely additional logging output above.
24 verbose exit [ 1, true ]
